<?xml version="1.0" encoding="UTF-8"?>
<testsuite name="ch.mav.schedario.schedario.SchedarioSvcIntegrationTest" tests="0" skipped="0" failures="0" errors="0" timestamp="1970-01-01T00:00:00" hostname="endeavour" time="0.0">
  <properties/>
  <system-out><![CDATA[]]></system-out>
  <system-err><![CDATA[[Test worker] INFO org.springframework.boot.test.context.SpringBootTestContextBootstrapper - Neither @ContextConfiguration nor @ContextHierarchy found for test class [ch.mav.schedario.schedario.SchedarioSvcIntegrationTest], using SpringBootContextLoader
[Test worker] INFO org.springframework.test.context.support.AbstractContextLoader - Could not detect default resource locations for test class [ch.mav.schedario.schedario.SchedarioSvcIntegrationTest]: no resource found for suffixes {-context.xml, Context.groovy}.
[Test worker] INFO org.springframework.test.context.support.AnnotationConfigContextLoaderUtils - Could not detect default configuration classes for test class [ch.mav.schedario.schedario.SchedarioSvcIntegrationTest]: SchedarioSvcIntegrationTest does not declare any static, non-private, non-final, nested classes annotated with @Configuration.
[Test worker] INFO org.springframework.boot.test.context.SpringBootTestContextBootstrapper - Found @SpringBootConfiguration ch.mav.schedario.schedario.SchedarioSvcApplication for test class ch.mav.schedario.schedario.SchedarioSvcIntegrationTest
[Test worker] INFO org.springframework.boot.test.context.SpringBootTestContextBootstrapper - Loaded default TestExecutionListener class names from location [META-INF/spring.factories]: [org.springframework.boot.test.autoconfigure.restdocs.RestDocsTestExecutionListener, org.springframework.boot.test.autoconfigure.web.client.MockRestServiceServerResetTestExecutionListener, org.springframework.boot.test.autoconfigure.web.servlet.MockMvcPrintOnlyOnFailureTestExecutionListener, org.springframework.boot.test.autoconfigure.web.servlet.WebDriverTestExecutionListener, org.springframework.boot.test.autoconfigure.webservices.client.MockWebServiceServerTestExecutionListener, org.springframework.boot.test.mock.mockito.MockitoTestExecutionListener, org.springframework.boot.test.mock.mockito.ResetMocksTestExecutionListener, org.springframework.test.context.web.ServletTestExecutionListener, org.springframework.test.context.support.DirtiesContextBeforeModesTestExecutionListener, org.springframework.test.context.event.ApplicationEventsTestExecutionListener, org.springframework.test.context.support.DependencyInjectionTestExecutionListener, org.springframework.test.context.support.DirtiesContextTestExecutionListener, org.springframework.test.context.transaction.TransactionalTestExecutionListener, org.springframework.test.context.jdbc.SqlScriptsTestExecutionListener, org.springframework.test.context.event.EventPublishingTestExecutionListener]
[Test worker] INFO org.springframework.boot.test.context.SpringBootTestContextBootstrapper - Using TestExecutionListeners: [org.springframework.test.context.web.ServletTestExecutionListener@345f4e0d, org.springframework.test.context.support.DirtiesContextBeforeModesTestExecutionListener@1c3eeda4, org.springframework.test.context.event.ApplicationEventsTestExecutionListener@64b242b3, org.springframework.boot.test.mock.mockito.MockitoTestExecutionListener@6cb1da13, org.springframework.boot.test.autoconfigure.SpringBootDependencyInjectionTestExecutionListener@2250deae, org.springframework.test.context.support.DirtiesContextTestExecutionListener@49e8548d, org.springframework.test.context.transaction.TransactionalTestExecutionListener@3fb920d9, org.springframework.test.context.jdbc.SqlScriptsTestExecutionListener@5d3a147f, org.springframework.test.context.event.EventPublishingTestExecutionListener@79bb14d8, org.springframework.boot.test.autoconfigure.restdocs.RestDocsTestExecutionListener@72fc6b5e, org.springframework.boot.test.autoconfigure.web.client.MockRestServiceServerResetTestExecutionListener@4353230, org.springframework.boot.test.autoconfigure.web.servlet.MockMvcPrintOnlyOnFailureTestExecutionListener@9214725, org.springframework.boot.test.autoconfigure.web.servlet.WebDriverTestExecutionListener@289d9f0d, org.springframework.boot.test.autoconfigure.webservices.client.MockWebServiceServerTestExecutionListener@39aaa7db, org.springframework.boot.test.mock.mockito.ResetMocksTestExecutionListener@14a3a66c]
]]></system-err>
</testsuite>
