<?xml version="1.0" encoding="UTF-8"?>
<testsuite name="ch.mav.schedario.schedario.SchedarioSvcIntegrationTest$GetFilesTest" tests="1" skipped="0" failures="0" errors="0" timestamp="2022-07-01T19:13:17" hostname="endeavour" time="0.471">
  <properties/>
  <testcase name="status200()" classname="ch.mav.schedario.schedario.SchedarioSvcIntegrationTest$GetFilesTest" time="0.471"/>
  <system-out><![CDATA[
  .   ____          _            __ _ _
 /\\ / ___'_ __ _ _(_)_ __  __ _ \ \ \ \
( ( )\___ | '_ | '_| | '_ \/ _` | \ \ \ \
 \\/  ___)| |_)| | | | | || (_| |  ) ) ) )
  '  |____| .__|_| |_|_| |_\__, | / / / /
 =========|_|==============|___/=/_/_/_/
 :: Spring Boot ::                (v2.7.0)

Running Changeset: db/changelog/migration/0.0.1/01-add-table-files.yaml::0.0.1-01-1-add-table-files::mav
]]></system-out>
  <system-err><![CDATA[[Test worker] INFO org.springframework.boot.test.context.SpringBootTestContextBootstrapper - Neither @ContextConfiguration nor @ContextHierarchy found for test class [ch.mav.schedario.schedario.SchedarioSvcIntegrationTest$GetFilesTest], using SpringBootContextLoader
[Test worker] INFO org.springframework.test.context.support.AbstractContextLoader - Could not detect default resource locations for test class [ch.mav.schedario.schedario.SchedarioSvcIntegrationTest$GetFilesTest]: no resource found for suffixes {-context.xml, Context.groovy}.
[Test worker] INFO org.springframework.test.context.support.AnnotationConfigContextLoaderUtils - Could not detect default configuration classes for test class [ch.mav.schedario.schedario.SchedarioSvcIntegrationTest$GetFilesTest]: GetFilesTest does not declare any static, non-private, non-final, nested classes annotated with @Configuration.
[Test worker] INFO org.springframework.boot.test.context.SpringBootTestContextBootstrapper - Found @SpringBootConfiguration ch.mav.schedario.schedario.SchedarioSvcApplication for test class ch.mav.schedario.schedario.SchedarioSvcIntegrationTest$GetFilesTest
[Test worker] INFO org.springframework.boot.test.context.SpringBootTestContextBootstrapper - Loaded default TestExecutionListener class names from location [META-INF/spring.factories]: [org.springframework.boot.test.autoconfigure.restdocs.RestDocsTestExecutionListener, org.springframework.boot.test.autoconfigure.web.client.MockRestServiceServerResetTestExecutionListener, org.springframework.boot.test.autoconfigure.web.servlet.MockMvcPrintOnlyOnFailureTestExecutionListener, org.springframework.boot.test.autoconfigure.web.servlet.WebDriverTestExecutionListener, org.springframework.boot.test.autoconfigure.webservices.client.MockWebServiceServerTestExecutionListener, org.springframework.boot.test.mock.mockito.MockitoTestExecutionListener, org.springframework.boot.test.mock.mockito.ResetMocksTestExecutionListener, org.springframework.test.context.web.ServletTestExecutionListener, org.springframework.test.context.support.DirtiesContextBeforeModesTestExecutionListener, org.springframework.test.context.event.ApplicationEventsTestExecutionListener, org.springframework.test.context.support.DependencyInjectionTestExecutionListener, org.springframework.test.context.support.DirtiesContextTestExecutionListener, org.springframework.test.context.transaction.TransactionalTestExecutionListener, org.springframework.test.context.jdbc.SqlScriptsTestExecutionListener, org.springframework.test.context.event.EventPublishingTestExecutionListener]
[Test worker] INFO org.springframework.boot.test.context.SpringBootTestContextBootstrapper - Using TestExecutionListeners: [org.springframework.test.context.web.ServletTestExecutionListener@7e113065, org.springframework.test.context.support.DirtiesContextBeforeModesTestExecutionListener@4cd13fad, org.springframework.test.context.event.ApplicationEventsTestExecutionListener@3d41449a, org.springframework.boot.test.mock.mockito.MockitoTestExecutionListener@3a5244a1, org.springframework.boot.test.autoconfigure.SpringBootDependencyInjectionTestExecutionListener@4d37c996, org.springframework.test.context.support.DirtiesContextTestExecutionListener@85eabca, org.springframework.test.context.transaction.TransactionalTestExecutionListener@3f8c4bcf, org.springframework.test.context.jdbc.SqlScriptsTestExecutionListener@175377d3, org.springframework.test.context.event.EventPublishingTestExecutionListener@645b67d6, org.springframework.boot.test.autoconfigure.restdocs.RestDocsTestExecutionListener@1926806c, org.springframework.boot.test.autoconfigure.web.client.MockRestServiceServerResetTestExecutionListener@44a972b4, org.springframework.boot.test.autoconfigure.web.servlet.MockMvcPrintOnlyOnFailureTestExecutionListener@4848681d, org.springframework.boot.test.autoconfigure.web.servlet.WebDriverTestExecutionListener@7712c315, org.springframework.boot.test.autoconfigure.webservices.client.MockWebServiceServerTestExecutionListener@5a9a187b, org.springframework.boot.test.mock.mockito.ResetMocksTestExecutionListener@5529fd4e]
[Test worker] INFO ch.mav.schedario.schedario.SchedarioSvcIntegrationTest - Starting SchedarioSvcIntegrationTest using Java 17.0.3 on endeavour with PID 25790 (started by mav in /home/mav/Development/schedario/schedario-svc)
[Test worker] INFO ch.mav.schedario.schedario.SchedarioSvcIntegrationTest - The following 1 profile is active: "test"
[Test worker] INFO org.springframework.data.repository.config.RepositoryConfigurationDelegate - Bootstrapping Spring Data JPA repositories in DEFAULT mode.
[Test worker] INFO org.springframework.data.repository.config.RepositoryConfigurationDelegate - Finished Spring Data repository scanning in 8 ms. Found 1 JPA repository interfaces.
[Test worker] INFO org.springframework.context.support.PostProcessorRegistrationDelegate$BeanPostProcessorChecker - Bean 'org.springframework.ws.config.annotation.DelegatingWsConfiguration' of type [org.springframework.ws.config.annotation.DelegatingWsConfiguration$$EnhancerBySpringCGLIB$$4c07ac8a] is not eligible for getting processed by all BeanPostProcessors (for example: not eligible for auto-proxying)
[Test worker] INFO org.springframework.ws.soap.addressing.server.AnnotationActionEndpointMapping - Supporting [WS-Addressing August 2004, WS-Addressing 1.0]
[Test worker] INFO org.springframework.boot.web.embedded.tomcat.TomcatWebServer - Tomcat initialized with port(s): 0 (http)
[2022-07-01 21:13:15.702] - 25790 INFORMATION [Test worker] --- org.apache.catalina.core.StandardService: Starting service [Tomcat]
[2022-07-01 21:13:15.703] - 25790 INFORMATION [Test worker] --- org.apache.catalina.core.StandardEngine: Starting Servlet engine: [Apache Tomcat/9.0.63]
[2022-07-01 21:13:15.919] - 25790 INFORMATION [Test worker] --- org.apache.catalina.core.ContainerBase.[Tomcat].[localhost].[/]: Initializing Spring embedded WebApplicationContext
[Test worker] INFO org.springframework.boot.web.servlet.context.ServletWebServerApplicationContext - Root WebApplicationContext: initialization completed in 789 ms
[Test worker] INFO com.zaxxer.hikari.HikariDataSource - HikariPool-2 - Starting...
[Test worker] INFO com.zaxxer.hikari.HikariDataSource - HikariPool-2 - Start completed.
[2022-07-01 21:13:16.077] - 25790 INFORMATION [Test worker] --- liquibase.database: Set default schema name to PUBLIC
[2022-07-01 21:13:16.095] - 25790 INFORMATION [Test worker] --- liquibase.lockservice: Changelog-Protokoll erfolgreich gesperrt.
[2022-07-01 21:13:16.100] - 25790 INFORMATION [Test worker] --- liquibase.changelog: Reading resource: db/changelog/migration/0.0.1/01-add-table-files.yaml
[2022-07-01 21:13:16.109] - 25790 INFORMATION [Test worker] --- liquibase.changelog: Creating database history table with name: PUBLIC.DATABASECHANGELOG
[2022-07-01 21:13:16.114] - 25790 INFORMATION [Test worker] --- liquibase.changelog: Reading from PUBLIC.DATABASECHANGELOG
[2022-07-01 21:13:16.135] - 25790 INFORMATION [Test worker] --- liquibase.changelog: Table files created
[2022-07-01 21:13:16.137] - 25790 INFORMATION [Test worker] --- liquibase.changelog: ChangeSet db/changelog/migration/0.0.1/01-add-table-files.yaml::0.0.1-01-1-add-table-files::mav ran successfully in 5ms
[2022-07-01 21:13:16.142] - 25790 INFORMATION [Test worker] --- liquibase.lockservice: Successfully released change log lock
[2022-07-01 21:13:16.205] - 25790 INFO [Test worker] --- org.hibernate.jpa.internal.util.LogHelper: HHH000204: Processing PersistenceUnitInfo [name: default]
[2022-07-01 21:13:16.210] - 25790 INFO [Test worker] --- org.hibernate.dialect.Dialect: HHH000400: Using dialect: org.hibernate.dialect.H2Dialect
[2022-07-01 21:13:16.243] - 25790 INFO [Test worker] --- org.hibernate.engine.transaction.jta.platform.internal.JtaPlatformInitiator: HHH000490: Using JtaPlatform implementation: [org.hibernate.engine.transaction.jta.platform.internal.NoJtaPlatform]
[Test worker] INFO org.springframework.orm.jpa.LocalContainerEntityManagerFactoryBean - Initialized JPA EntityManagerFactory for persistence unit 'default'
[Test worker] WARN org.springframework.boot.autoconfigure.orm.jpa.JpaBaseConfiguration$JpaWebConfiguration - spring.jpa.open-in-view is enabled by default. Therefore, database queries may be performed during view rendering. Explicitly configure spring.jpa.open-in-view to disable this warning
[Test worker] WARN org.springframework.boot.autoconfigure.mustache.MustacheAutoConfiguration - Cannot find template location: classpath:/templates/ (please add some templates, check your Mustache configuration, or set spring.mustache.check-template-location=false)
[Test worker] INFO org.springframework.boot.web.embedded.tomcat.TomcatWebServer - Tomcat started on port(s): 38447 (http) with context path ''
[Test worker] INFO ch.mav.schedario.schedario.SchedarioSvcIntegrationTest - Started SchedarioSvcIntegrationTest in 2.001 seconds (JVM running for 9.922)
[2022-07-01 21:13:17.232] - 25790 INFORMATION [http-nio-auto-1-exec-1] --- org.apache.catalina.core.ContainerBase.[Tomcat].[localhost].[/]: Initializing Spring DispatcherServlet 'dispatcherServlet'
[http-nio-auto-1-exec-1] INFO org.springframework.web.servlet.DispatcherServlet - Initializing Servlet 'dispatcherServlet'
[http-nio-auto-1-exec-1] INFO org.springframework.web.servlet.DispatcherServlet - Completed initialization in 1 ms
]]></system-err>
</testsuite>
