<?xml version="1.0" encoding="UTF-8"?>
<testsuite name="ch.mav.schedario.schedario.SchedarioSvcApplicationTests" tests="1" skipped="0" failures="0" errors="0" timestamp="2022-07-01T19:13:14" hostname="endeavour" time="0.294">
  <properties/>
  <testcase name="contextLoads()" classname="ch.mav.schedario.schedario.SchedarioSvcApplicationTests" time="0.294"/>
  <system-out><![CDATA[
  .   ____          _            __ _ _
 /\\ / ___'_ __ _ _(_)_ __  __ _ \ \ \ \
( ( )\___ | '_ | '_| | '_ \/ _` | \ \ \ \
 \\/  ___)| |_)| | | | | || (_| |  ) ) ) )
  '  |____| .__|_| |_|_| |_\__, | / / / /
 =========|_|==============|___/=/_/_/_/
 :: Spring Boot ::                (v2.7.0)

Running Changeset: db/changelog/migration/0.0.1/01-add-table-files.yaml::0.0.1-01-1-add-table-files::mav
]]></system-out>
  <system-err><![CDATA[[Test worker] INFO org.springframework.boot.test.context.SpringBootTestContextBootstrapper - Neither @ContextConfiguration nor @ContextHierarchy found for test class [ch.mav.schedario.schedario.SchedarioSvcApplicationTests], using SpringBootContextLoader
[Test worker] INFO org.springframework.test.context.support.AbstractContextLoader - Could not detect default resource locations for test class [ch.mav.schedario.schedario.SchedarioSvcApplicationTests]: no resource found for suffixes {-context.xml, Context.groovy}.
[Test worker] INFO org.springframework.test.context.support.AnnotationConfigContextLoaderUtils - Could not detect default configuration classes for test class [ch.mav.schedario.schedario.SchedarioSvcApplicationTests]: SchedarioSvcApplicationTests does not declare any static, non-private, non-final, nested classes annotated with @Configuration.
[Test worker] INFO org.springframework.boot.test.context.SpringBootTestContextBootstrapper - Found @SpringBootConfiguration ch.mav.schedario.schedario.SchedarioSvcApplication for test class ch.mav.schedario.schedario.SchedarioSvcApplicationTests
[Test worker] INFO org.springframework.boot.test.context.SpringBootTestContextBootstrapper - Loaded default TestExecutionListener class names from location [META-INF/spring.factories]: [org.springframework.boot.test.autoconfigure.restdocs.RestDocsTestExecutionListener, org.springframework.boot.test.autoconfigure.web.client.MockRestServiceServerResetTestExecutionListener, org.springframework.boot.test.autoconfigure.web.servlet.MockMvcPrintOnlyOnFailureTestExecutionListener, org.springframework.boot.test.autoconfigure.web.servlet.WebDriverTestExecutionListener, org.springframework.boot.test.autoconfigure.webservices.client.MockWebServiceServerTestExecutionListener, org.springframework.boot.test.mock.mockito.MockitoTestExecutionListener, org.springframework.boot.test.mock.mockito.ResetMocksTestExecutionListener, org.springframework.test.context.web.ServletTestExecutionListener, org.springframework.test.context.support.DirtiesContextBeforeModesTestExecutionListener, org.springframework.test.context.event.ApplicationEventsTestExecutionListener, org.springframework.test.context.support.DependencyInjectionTestExecutionListener, org.springframework.test.context.support.DirtiesContextTestExecutionListener, org.springframework.test.context.transaction.TransactionalTestExecutionListener, org.springframework.test.context.jdbc.SqlScriptsTestExecutionListener, org.springframework.test.context.event.EventPublishingTestExecutionListener]
[Test worker] INFO org.springframework.boot.test.context.SpringBootTestContextBootstrapper - Using TestExecutionListeners: [org.springframework.test.context.web.ServletTestExecutionListener@3383649e, org.springframework.test.context.support.DirtiesContextBeforeModesTestExecutionListener@10fde30a, org.springframework.test.context.event.ApplicationEventsTestExecutionListener@f27ea3, org.springframework.boot.test.mock.mockito.MockitoTestExecutionListener@1ce61929, org.springframework.boot.test.autoconfigure.SpringBootDependencyInjectionTestExecutionListener@346939bf, org.springframework.test.context.support.DirtiesContextTestExecutionListener@4bf3798b, org.springframework.test.context.transaction.TransactionalTestExecutionListener@58670130, org.springframework.test.context.jdbc.SqlScriptsTestExecutionListener@74e47444, org.springframework.test.context.event.EventPublishingTestExecutionListener@9bd0fa6, org.springframework.boot.test.autoconfigure.restdocs.RestDocsTestExecutionListener@59d2103b, org.springframework.boot.test.autoconfigure.web.client.MockRestServiceServerResetTestExecutionListener@39dcf4b0, org.springframework.boot.test.autoconfigure.web.servlet.MockMvcPrintOnlyOnFailureTestExecutionListener@6e4de19b, org.springframework.boot.test.autoconfigure.web.servlet.WebDriverTestExecutionListener@f6c03cb, org.springframework.boot.test.autoconfigure.webservices.client.MockWebServiceServerTestExecutionListener@46f699d5, org.springframework.boot.test.mock.mockito.ResetMocksTestExecutionListener@18518ccf]
[Test worker] INFO ch.mav.schedario.schedario.SchedarioSvcApplicationTests - Starting SchedarioSvcApplicationTests using Java 17.0.3 on endeavour with PID 25790 (started by mav in /home/mav/Development/schedario/schedario-svc)
[Test worker] INFO ch.mav.schedario.schedario.SchedarioSvcApplicationTests - The following 1 profile is active: "test"
[Test worker] INFO org.springframework.data.repository.config.RepositoryConfigurationDelegate - Bootstrapping Spring Data JPA repositories in DEFAULT mode.
[Test worker] INFO org.springframework.data.repository.config.RepositoryConfigurationDelegate - Finished Spring Data repository scanning in 42 ms. Found 1 JPA repository interfaces.
[Test worker] INFO org.springframework.context.support.PostProcessorRegistrationDelegate$BeanPostProcessorChecker - Bean 'org.springframework.ws.config.annotation.DelegatingWsConfiguration' of type [org.springframework.ws.config.annotation.DelegatingWsConfiguration$$EnhancerBySpringCGLIB$$4c07ac8a] is not eligible for getting processed by all BeanPostProcessors (for example: not eligible for auto-proxying)
[Test worker] INFO org.springframework.ws.soap.addressing.server.AnnotationActionEndpointMapping - Supporting [WS-Addressing August 2004, WS-Addressing 1.0]
[Test worker] INFO com.zaxxer.hikari.HikariDataSource - HikariPool-1 - Starting...
[Test worker] INFO com.zaxxer.hikari.HikariDataSource - HikariPool-1 - Start completed.
[2022-07-01 21:13:11.327] - 25790 INFORMATION [Test worker] --- liquibase.database: Set default schema name to PUBLIC
[2022-07-01 21:13:11.510] - 25790 INFORMATION [Test worker] --- liquibase.lockservice: Changelog-Protokoll erfolgreich gesperrt.
[2022-07-01 21:13:11.534] - 25790 INFORMATION [Test worker] --- liquibase.changelog: Reading resource: db/changelog/migration/0.0.1/01-add-table-files.yaml
[2022-07-01 21:13:11.743] - 25790 INFORMATION [Test worker] --- liquibase.changelog: Creating database history table with name: PUBLIC.DATABASECHANGELOG
[2022-07-01 21:13:11.750] - 25790 INFORMATION [Test worker] --- liquibase.changelog: Reading from PUBLIC.DATABASECHANGELOG
[2022-07-01 21:13:11.840] - 25790 INFORMATION [Test worker] --- liquibase.changelog: Table files created
[2022-07-01 21:13:11.841] - 25790 INFORMATION [Test worker] --- liquibase.changelog: ChangeSet db/changelog/migration/0.0.1/01-add-table-files.yaml::0.0.1-01-1-add-table-files::mav ran successfully in 7ms
[2022-07-01 21:13:11.852] - 25790 INFORMATION [Test worker] --- liquibase.lockservice: Successfully released change log lock
[2022-07-01 21:13:12.011] - 25790 INFO [Test worker] --- org.hibernate.jpa.internal.util.LogHelper: HHH000204: Processing PersistenceUnitInfo [name: default]
[2022-07-01 21:13:12.056] - 25790 INFO [Test worker] --- org.hibernate.Version: HHH000412: Hibernate ORM core version 5.6.9.Final
[2022-07-01 21:13:12.219] - 25790 INFO [Test worker] --- org.hibernate.annotations.common.Version: HCANN000001: Hibernate Commons Annotations {5.1.2.Final}
[2022-07-01 21:13:12.336] - 25790 INFO [Test worker] --- org.hibernate.dialect.Dialect: HHH000400: Using dialect: org.hibernate.dialect.H2Dialect
[2022-07-01 21:13:12.946] - 25790 INFO [Test worker] --- org.hibernate.engine.transaction.jta.platform.internal.JtaPlatformInitiator: HHH000490: Using JtaPlatform implementation: [org.hibernate.engine.transaction.jta.platform.internal.NoJtaPlatform]
[Test worker] INFO org.springframework.orm.jpa.LocalContainerEntityManagerFactoryBean - Initialized JPA EntityManagerFactory for persistence unit 'default'
[Test worker] WARN org.springframework.boot.autoconfigure.orm.jpa.JpaBaseConfiguration$JpaWebConfiguration - spring.jpa.open-in-view is enabled by default. Therefore, database queries may be performed during view rendering. Explicitly configure spring.jpa.open-in-view to disable this warning
[Test worker] WARN org.springframework.boot.autoconfigure.mustache.MustacheAutoConfiguration - Cannot find template location: classpath:/templates/ (please add some templates, check your Mustache configuration, or set spring.mustache.check-template-location=false)
[Test worker] INFO ch.mav.schedario.schedario.SchedarioSvcApplicationTests - Started SchedarioSvcApplicationTests in 6.126 seconds (JVM running for 7.572)
]]></system-err>
</testsuite>
